<?xml version="1.0" encoding="UTF-8"?>
<testng-results skipped="0" failed="0" total="1" passed="1">
  <reporter-output>
  </reporter-output>
  <suite name="Default suite" duration-ms="3643" started-at="2019-03-20T09:44:19Z" finished-at="2019-03-20T09:44:23Z">
    <groups>
    </groups>
    <test name="Default test" duration-ms="3643" started-at="2019-03-20T09:44:19Z" finished-at="2019-03-20T09:44:23Z">
      <class name="com.qa.rest.test.GetCallBDD">
        <test-method status="PASS" signature="test_numberOfCircuitsFor2017_Season()[pri:0, instance:com.qa.rest.test.GetCallBDD@71f2a7d5]" name="test_numberOfCircuitsFor2017_Season" duration-ms="3606" started-at="2019-03-20T15:14:19Z" finished-at="2019-03-20T15:14:23Z">
          <reporter-output>
          </reporter-output>
        </test-method> <!-- test_numberOfCircuitsFor2017_Season -->
      </class> <!-- com.qa.rest.test.GetCallBDD -->
    </test> <!-- Default test -->
  </suite> <!-- Default suite -->
</testng-results>
